<?xml version='1.0' encoding='UTF-8'?>
<testsuite hostname="MSI" name="FunctionalSpec" tests="1" errors="1" failures="0" skipped="0" time="0.023" timestamp="2022-10-21T21:50:17">
          <properties>
[...]
</properties>
          <testcase classname="FunctionalSpec" name="(It is not a test it is a sbt.testing.SuiteSelector)" time="0.023">
                      <error message="org.scalatest.exceptions.NotAllowedException: org.scalatest.exceptions.DuplicateTestNameException was thrown inside &quot;HomeController&quot; should, construction cannot continue: &quot;Duplicate test name: HomeController should render the PubSub form successfully!&quot;" type="sbt.ForkMain$ForkError">sbt.ForkMain$ForkError: org.scalatest.exceptions.NotAllowedException: org.scalatest.exceptions.DuplicateTestNameException was thrown inside &quot;HomeController&quot; should, construction cannot continue: &quot;Duplicate test name: HomeController should render the PubSub form successfully!&quot;
	at org.scalatest.wordspec.AnyWordSpecLike.org$scalatest$wordspec$AnyWordSpecLike$$registerBranch(AnyWordSpecLike.scala:194)
	at org.scalatest.wordspec.AnyWordSpecLike$$anon$1.apply(AnyWordSpecLike.scala:994)
	at org.scalatest.verbs.ShouldVerb$StringShouldWrapperForVerb.should(ShouldVerb.scala:194)
	at org.scalatest.verbs.ShouldVerb$StringShouldWrapperForVerb.should$(ShouldVerb.scala:193)
	at org.scalatest.verbs.ShouldVerb$$anon$1.should(ShouldVerb.scala:232)
	at FunctionalSpec.&lt;init&gt;(FunctionalSpec.scala:33)
	at java.base/jdk.internal.reflect.NativeConstructorAccessorImpl.newInstance0(Native Method)
	at java.base/jdk.internal.reflect.NativeConstructorAccessorImpl.newInstance(NativeConstructorAccessorImpl.java:62)
	at java.base/jdk.internal.reflect.DelegatingConstructorAccessorImpl.newInstance(DelegatingConstructorAccessorImpl.java:45)
	at java.base/java.lang.reflect.Constructor.newInstance(Constructor.java:490)
	at java.base/java.lang.Class.newInstance(Class.java:584)
	at org.scalatest.tools.Framework$ScalaTestTask.execute(Framework.scala:450)
	at sbt.ForkMain$Run.lambda$runTest$1(ForkMain.java:413)
	at java.base/java.util.concurrent.FutureTask.run(FutureTask.java:264)
	at java.base/java.util.concurrent.ThreadPoolExecutor.runWorker(ThreadPoolExecutor.java:1128)
	at java.base/java.util.concurrent.ThreadPoolExecutor$Worker.run(ThreadPoolExecutor.java:628)
	at java.base/java.lang.Thread.run(Thread.java:834)
Caused by: sbt.ForkMain$ForkError: org.scalatest.exceptions.DuplicateTestNameException: Duplicate test name: HomeController should render the PubSub form successfully!
	at org.scalatest.SuperEngine.registerTest(Engine.scala:674)
	at org.scalatest.wordspec.AnyWordSpecLike.org$scalatest$wordspec$AnyWordSpecLike$$registerTestToRun(AnyWordSpecLike.scala:132)
	at org.scalatest.wordspec.AnyWordSpecLike$WordSpecStringWrapper.in(AnyWordSpecLike.scala:351)
	at FunctionalSpec.$anonfun$new$8(FunctionalSpec.scala:49)
	at org.scalatest.SuperEngine.registerNestedBranch(Engine.scala:609)
	at org.scalatest.wordspec.AnyWordSpecLike.org$scalatest$wordspec$AnyWordSpecLike$$registerBranch(AnyWordSpecLike.scala:187)
	... 16 more
</error>
                    </testcase>
          <system-out><![CDATA[]]></system-out>
          <system-err><![CDATA[]]></system-err>
        </testsuite>